<?xml version="1.0" encoding="UTF-8"?>
<!-- Generated by org.testng.reporters.JUnitXMLReporter -->
<testsuite ignored="0" hostname="DESKTOP-GM3U5VC" failures="1" tests="5" name="Command line test" time="20.769" errors="0" timestamp="17 Feb 2022 22:53:43 GMT">
  <testcase classname="com.Test.FirstTest" name="t_01" time="5.146"/>
  <testcase classname="com.Test.NewTest" name="t_01" time="2.092">
    <failure type="java.lang.NullPointerException">
      <![CDATA[java.lang.NullPointerException
at java.base/java.util.concurrent.TimeUnit.convert(TimeUnit.java:189)
at org.openqa.selenium.remote.RemoteWebDriver$RemoteWebDriverOptions$RemoteTimeouts.pageLoadTimeout(RemoteWebDriver.java:790)
at com.Test.NewTest.t_01(NewTest.java:23)
... Removed 35 stack frames]]>
    </failure>
  </testcase> <!-- t_01 -->
  <testcase classname="com.Test.SecondTest" name="Launch" time="5.133"/>
  <testcase classname="com.Test.SecondTest" name="FoodBox" time="3.704"/>
  <testcase classname="com.Test.SecondTest" name="Login" time="3.219"/>
</testsuite> <!-- Command line test -->
