<?xml version="1.0" encoding="UTF-8" ?>
<testsuite tests="5" failures="1" name="TestSuite" time="19.291" errors="0" skipped="0">
  <properties>
[...]
</properties>
  <testcase classname="com.Test.FirstTest" name="t_01" time="5.148"/>
  <testcase classname="com.Test.NewTest" name="t_01" time="2.089">
    <failure type="java.lang.NullPointerException">java.lang.NullPointerException
	at java.base/java.util.concurrent.TimeUnit.convert(TimeUnit.java:189)
	at org.openqa.selenium.remote.RemoteWebDriver$RemoteWebDriverOptions$RemoteTimeouts.pageLoadTimeout(RemoteWebDriver.java:790)
	at com.Test.NewTest.t_01(NewTest.java:23)
</failure>
    <system-err>Starting ChromeDriver 98.0.4758.102 (273bf7ac8c909cde36982d27f66f3c70846a3718-refs/branch-heads/4758@{#1151}) on port 37980
Only local connections are allowed.
Please see https://chromedriver.chromium.org/security-considerations for suggestions on keeping ChromeDriver safe.
ChromeDriver was started successfully.
</system-err>
  </testcase>
  <testcase classname="com.Test.SecondTest" name="Launch" time="5.132"/>
  <testcase classname="com.Test.SecondTest" name="FoodBox" time="3.703"/>
  <testcase classname="com.Test.SecondTest" name="Login" time="3.219"/>
</testsuite>